This is pdfTeX, Version 3.1415926-2.5-1.40.14 (TeX Live 2013/Debian) (format=pdflatex 2015.8.29)  21 NOV 2015 10:45
entering extended mode
 restricted \write18 enabled.
 %&-line parsing enabled.
**Informe_Final.tex
(./Informe_Final.tex
LaTeX2e <2011/06/27>
Babel <3.9h> and hyphenation patterns for 5 languages loaded.
(/usr/share/texlive/texmf-dist/tex/latex/base/article.cls
Document Class: article 2007/10/19 v1.4h Standard LaTeX document class
(/usr/share/texlive/texmf-dist/tex/latex/base/size11.clo
File: size11.clo 2007/10/19 v1.4h Standard LaTeX file (size option)
)
\c@part=\count79
\c@section=\count80
\c@subsection=\count81
\c@subsubsection=\count82
\c@paragraph=\count83
\c@subparagraph=\count84
\c@figure=\count85
\c@table=\count86
\abovecaptionskip=\skip41
\belowcaptionskip=\skip42
\bibindent=\dimen102
)
(/usr/share/texlive/texmf-dist/tex/latex/amsmath/amsmath.sty
Package: amsmath 2013/01/14 v2.14 AMS math features
\@mathmargin=\skip43

For additional information on amsmath, use the `?' option.
(/usr/share/texlive/texmf-dist/tex/latex/amsmath/amstext.sty
Package: amstext 2000/06/29 v2.01

(/usr/share/texlive/texmf-dist/tex/latex/amsmath/amsgen.sty
File: amsgen.sty 1999/11/30 v2.0
\@emptytoks=\toks14
\ex@=\dimen103
))
(/usr/share/texlive/texmf-dist/tex/latex/amsmath/amsbsy.sty
Package: amsbsy 1999/11/29 v1.2d
\pmbraise@=\dimen104
)
(/usr/share/texlive/texmf-dist/tex/latex/amsmath/amsopn.sty
Package: amsopn 1999/12/14 v2.01 operator names
)
\inf@bad=\count87
LaTeX Info: Redefining \frac on input line 210.
\uproot@=\count88
\leftroot@=\count89
LaTeX Info: Redefining \overline on input line 306.
\classnum@=\count90
\DOTSCASE@=\count91
LaTeX Info: Redefining \ldots on input line 378.
LaTeX Info: Redefining \dots on input line 381.
LaTeX Info: Redefining \cdots on input line 466.
\Mathstrutbox@=\box26
\strutbox@=\box27
\big@size=\dimen105
LaTeX Font Info:    Redeclaring font encoding OML on input line 566.
LaTeX Font Info:    Redeclaring font encoding OMS on input line 567.
\macc@depth=\count92
\c@MaxMatrixCols=\count93
\dotsspace@=\muskip10
\c@parentequation=\count94
\dspbrk@lvl=\count95
\tag@help=\toks15
\row@=\count96
\column@=\count97
\maxfields@=\count98
\andhelp@=\toks16
\eqnshift@=\dimen106
\alignsep@=\dimen107
\tagshift@=\dimen108
\tagwidth@=\dimen109
\totwidth@=\dimen110
\lineht@=\dimen111
\@envbody=\toks17
\multlinegap=\skip44
\multlinetaggap=\skip45
\mathdisplay@stack=\toks18
LaTeX Info: Redefining \[ on input line 2665.
LaTeX Info: Redefining \] on input line 2666.
)
(/usr/share/texlive/texmf-dist/tex/latex/graphics/graphicx.sty
Package: graphicx 1999/02/16 v1.0f Enhanced LaTeX Graphics (DPC,SPQR)

(/usr/share/texlive/texmf-dist/tex/latex/graphics/keyval.sty
Package: keyval 1999/03/16 v1.13 key=value parser (DPC)
\KV@toks@=\toks19
)
(/usr/share/texlive/texmf-dist/tex/latex/graphics/graphics.sty
Package: graphics 2009/02/05 v1.0o Standard LaTeX Graphics (DPC,SPQR)

(/usr/share/texlive/texmf-dist/tex/latex/graphics/trig.sty
Package: trig 1999/03/16 v1.09 sin cos tan (DPC)
)
(/usr/share/texlive/texmf-dist/tex/latex/latexconfig/graphics.cfg
File: graphics.cfg 2010/04/23 v1.9 graphics configuration of TeX Live
)
Package graphics Info: Driver file: pdftex.def on input line 91.

(/usr/share/texlive/texmf-dist/tex/latex/pdftex-def/pdftex.def
File: pdftex.def 2011/05/27 v0.06d Graphics/color for pdfTeX

(/usr/share/texlive/texmf-dist/tex/generic/oberdiek/infwarerr.sty
Package: infwarerr 2010/04/08 v1.3 Providing info/warning/error messages (HO)
)
(/usr/share/texlive/texmf-dist/tex/generic/oberdiek/ltxcmds.sty
Package: ltxcmds 2011/11/09 v1.22 LaTeX kernel commands for general use (HO)
)
\Gread@gobject=\count99
))
\Gin@req@height=\dimen112
\Gin@req@width=\dimen113
)
(/usr/share/texlive/texmf-dist/tex/latex/base/inputenc.sty
Package: inputenc 2008/03/30 v1.1d Input encoding file
\inpenc@prehook=\toks20
\inpenc@posthook=\toks21

(/usr/share/texlive/texmf-dist/tex/latex/base/latin1.def
File: latin1.def 2008/03/30 v1.1d Input encoding file
))
(/usr/share/texlive/texmf-dist/tex/generic/babel/babel.sty
Package: babel 2013/12/03 3.9h The Babel package

(/usr/share/texlive/texmf-dist/tex/generic/babel-spanish/spanish.ldf
Language: spanish.ldf 2014/01/29 v5.0m Spanish support from the babel system

(/usr/share/texlive/texmf-dist/tex/generic/babel/babel.def
File: babel.def 2013/12/03 3.9h Babel common definitions
\babel@savecnt=\count100
\U@D=\dimen114
)
\es@datefmt=\count101
\es@quottoks=\toks22
\es@quotdepth=\count102
Package babel Info: Making " an active character on input line 496.
Package babel Info: Making . an active character on input line 599.
Package babel Info: Making < an active character on input line 644.
Package babel Info: Making > an active character on input line 644.
))
(/usr/share/texlive/texmf-dist/tex/latex/base/fontenc.sty
Package: fontenc 2005/09/27 v1.99g Standard LaTeX package

(/usr/share/texlive/texmf-dist/tex/latex/base/t1enc.def
File: t1enc.def 2005/09/27 v1.99g Standard LaTeX file
LaTeX Font Info:    Redeclaring font encoding T1 on input line 43.
))
(/usr/share/texlive/texmf-dist/tex/latex/graphics/color.sty
Package: color 2005/11/14 v1.0j Standard LaTeX Color (DPC)

(/usr/share/texlive/texmf-dist/tex/latex/latexconfig/color.cfg
File: color.cfg 2007/01/18 v1.5 color configuration of teTeX/TeXLive
)
Package color Info: Driver file: pdftex.def on input line 130.
)
(/usr/share/texlive/texmf-dist/tex/latex/upquote/upquote.sty
Package: upquote 2012/04/19 v1.3 upright-quote and grave-accent glyphs in verba
tim

(/usr/share/texlive/texmf-dist/tex/latex/base/textcomp.sty
Package: textcomp 2005/09/27 v1.99g Standard LaTeX package
Package textcomp Info: Sub-encoding information:
(textcomp)               5 = only ISO-Adobe without \textcurrency
(textcomp)               4 = 5 + \texteuro
(textcomp)               3 = 4 + \textohm
(textcomp)               2 = 3 + \textestimated + \textcurrency
(textcomp)               1 = TS1 - \textcircled - \t
(textcomp)               0 = TS1 (full)
(textcomp)             Font families with sub-encoding setting implement
(textcomp)             only a restricted character set as indicated.
(textcomp)             Family '?' is the default used for unknown fonts.
(textcomp)             See the documentation for details.
Package textcomp Info: Setting ? sub-encoding to TS1/1 on input line 71.

(/usr/share/texlive/texmf-dist/tex/latex/base/ts1enc.def
File: ts1enc.def 2001/06/05 v3.0e (jk/car/fm) Standard LaTeX file
)
LaTeX Info: Redefining \oldstylenums on input line 266.
Package textcomp Info: Setting cmr sub-encoding to TS1/0 on input line 281.
Package textcomp Info: Setting cmss sub-encoding to TS1/0 on input line 282.
Package textcomp Info: Setting cmtt sub-encoding to TS1/0 on input line 283.
Package textcomp Info: Setting cmvtt sub-encoding to TS1/0 on input line 284.
Package textcomp Info: Setting cmbr sub-encoding to TS1/0 on input line 285.
Package textcomp Info: Setting cmtl sub-encoding to TS1/0 on input line 286.
Package textcomp Info: Setting ccr sub-encoding to TS1/0 on input line 287.
Package textcomp Info: Setting ptm sub-encoding to TS1/4 on input line 288.
Package textcomp Info: Setting pcr sub-encoding to TS1/4 on input line 289.
Package textcomp Info: Setting phv sub-encoding to TS1/4 on input line 290.
Package textcomp Info: Setting ppl sub-encoding to TS1/3 on input line 291.
Package textcomp Info: Setting pag sub-encoding to TS1/4 on input line 292.
Package textcomp Info: Setting pbk sub-encoding to TS1/4 on input line 293.
Package textcomp Info: Setting pnc sub-encoding to TS1/4 on input line 294.
Package textcomp Info: Setting pzc sub-encoding to TS1/4 on input line 295.
Package textcomp Info: Setting bch sub-encoding to TS1/4 on input line 296.
Package textcomp Info: Setting put sub-encoding to TS1/5 on input line 297.
Package textcomp Info: Setting uag sub-encoding to TS1/5 on input line 298.
Package textcomp Info: Setting ugq sub-encoding to TS1/5 on input line 299.
Package textcomp Info: Setting ul8 sub-encoding to TS1/4 on input line 300.
Package textcomp Info: Setting ul9 sub-encoding to TS1/4 on input line 301.
Package textcomp Info: Setting augie sub-encoding to TS1/5 on input line 302.
Package textcomp Info: Setting dayrom sub-encoding to TS1/3 on input line 303.
Package textcomp Info: Setting dayroms sub-encoding to TS1/3 on input line 304.

Package textcomp Info: Setting pxr sub-encoding to TS1/0 on input line 305.
Package textcomp Info: Setting pxss sub-encoding to TS1/0 on input line 306.
Package textcomp Info: Setting pxtt sub-encoding to TS1/0 on input line 307.
Package textcomp Info: Setting txr sub-encoding to TS1/0 on input line 308.
Package textcomp Info: Setting txss sub-encoding to TS1/0 on input line 309.
Package textcomp Info: Setting txtt sub-encoding to TS1/0 on input line 310.
Package textcomp Info: Setting lmr sub-encoding to TS1/0 on input line 311.
Package textcomp Info: Setting lmdh sub-encoding to TS1/0 on input line 312.
Package textcomp Info: Setting lmss sub-encoding to TS1/0 on input line 313.
Package textcomp Info: Setting lmssq sub-encoding to TS1/0 on input line 314.
Package textcomp Info: Setting lmvtt sub-encoding to TS1/0 on input line 315.
Package textcomp Info: Setting qhv sub-encoding to TS1/0 on input line 316.
Package textcomp Info: Setting qag sub-encoding to TS1/0 on input line 317.
Package textcomp Info: Setting qbk sub-encoding to TS1/0 on input line 318.
Package textcomp Info: Setting qcr sub-encoding to TS1/0 on input line 319.
Package textcomp Info: Setting qcs sub-encoding to TS1/0 on input line 320.
Package textcomp Info: Setting qpl sub-encoding to TS1/0 on input line 321.
Package textcomp Info: Setting qtm sub-encoding to TS1/0 on input line 322.
Package textcomp Info: Setting qzc sub-encoding to TS1/0 on input line 323.
Package textcomp Info: Setting qhvc sub-encoding to TS1/0 on input line 324.
Package textcomp Info: Setting futs sub-encoding to TS1/4 on input line 325.
Package textcomp Info: Setting futx sub-encoding to TS1/4 on input line 326.
Package textcomp Info: Setting futj sub-encoding to TS1/4 on input line 327.
Package textcomp Info: Setting hlh sub-encoding to TS1/3 on input line 328.
Package textcomp Info: Setting hls sub-encoding to TS1/3 on input line 329.
Package textcomp Info: Setting hlst sub-encoding to TS1/3 on input line 330.
Package textcomp Info: Setting hlct sub-encoding to TS1/5 on input line 331.
Package textcomp Info: Setting hlx sub-encoding to TS1/5 on input line 332.
Package textcomp Info: Setting hlce sub-encoding to TS1/5 on input line 333.
Package textcomp Info: Setting hlcn sub-encoding to TS1/5 on input line 334.
Package textcomp Info: Setting hlcw sub-encoding to TS1/5 on input line 335.
Package textcomp Info: Setting hlcf sub-encoding to TS1/5 on input line 336.
Package textcomp Info: Setting pplx sub-encoding to TS1/3 on input line 337.
Package textcomp Info: Setting pplj sub-encoding to TS1/3 on input line 338.
Package textcomp Info: Setting ptmx sub-encoding to TS1/4 on input line 339.
Package textcomp Info: Setting ptmj sub-encoding to TS1/4 on input line 340.
))
(/usr/share/texlive/texmf-dist/tex/latex/listings/listings.sty
\lst@mode=\count103
\lst@gtempboxa=\box28
\lst@token=\toks23
\lst@length=\count104
\lst@currlwidth=\dimen115
\lst@column=\count105
\lst@pos=\count106
\lst@lostspace=\dimen116
\lst@width=\dimen117
\lst@newlines=\count107
\lst@lineno=\count108
\lst@maxwidth=\dimen118

(/usr/share/texlive/texmf-dist/tex/latex/listings/lstmisc.sty
File: lstmisc.sty 2013/08/26 1.5b (Carsten Heinz)
\c@lstnumber=\count109
\lst@skipnumbers=\count110
\lst@framebox=\box29
)
(/usr/share/texlive/texmf-dist/tex/latex/listings/listings.cfg
File: listings.cfg 2013/08/26 1.5b listings configuration
))
Package: listings 2013/08/26 1.5b (Carsten Heinz)

(/usr/share/texlive/texmf-dist/tex/latex/caption/caption.sty
Package: caption 2013/05/02 v3.3-89 Customizing captions (AR)

(/usr/share/texlive/texmf-dist/tex/latex/caption/caption3.sty
Package: caption3 2013/05/02 v1.6-88 caption3 kernel (AR)
Package caption3 Info: TeX engine: e-TeX on input line 57.
\captionmargin=\dimen119
\captionmargin@=\dimen120
\captionwidth=\dimen121
\caption@tempdima=\dimen122
\caption@indent=\dimen123
\caption@parindent=\dimen124
\caption@hangindent=\dimen125
)
\c@ContinuedFloat=\count111
Package caption Info: listings package is loaded.
)
(/usr/share/texlive/texmf-dist/tex/latex/float/float.sty
Package: float 2001/11/08 v1.3d Float enhancements (AL)
\c@float@type=\count112
\float@exts=\toks24
\float@box=\box30
\@float@everytoks=\toks25
\@floatcapt=\box31
) (./Informe_Final.aux
LaTeX Info: Redefining \. on input line 6.
LaTeX Info: Redefining \% on input line 6.


LaTeX Warning: Label `fig:Fig1' multiply defined.


LaTeX Warning: Label `fig:Fig1' multiply defined.


LaTeX Warning: Label `fig:Fig1' multiply defined.


LaTeX Warning: Label `fig:Fig1' multiply defined.


LaTeX Warning: Label `fig:Fig1' multiply defined.


LaTeX Warning: Label `fig:Fig1' multiply defined.


LaTeX Warning: Label `fig:Fig1' multiply defined.


LaTeX Warning: Label `fig:Fig1' multiply defined.


LaTeX Warning: Label `fig:Fig1' multiply defined.


LaTeX Warning: Label `fig:Fig1' multiply defined.


LaTeX Warning: Label `fig:Fig1' multiply defined.


LaTeX Warning: Label `fig:Fig1' multiply defined.


LaTeX Warning: Label `fig:Fig1' multiply defined.


LaTeX Warning: Label `fig:Fig1' multiply defined.


LaTeX Warning: Label `fig:Fig1' multiply defined.


LaTeX Warning: Label `fig:Fig1' multiply defined.


LaTeX Warning: Label `fig:Fig1' multiply defined.


LaTeX Warning: Label `fig:Fig1' multiply defined.


LaTeX Warning: Label `fig:Fig1' multiply defined.


LaTeX Warning: Label `fig:Fig1' multiply defined.


LaTeX Warning: Label `fig:Fig1' multiply defined.


LaTeX Warning: Label `fig:Fig1' multiply defined.


LaTeX Warning: Label `fig:Fig1' multiply defined.


LaTeX Warning: Label `fig:Fig1' multiply defined.


LaTeX Warning: Label `fig:Fig1' multiply defined.


LaTeX Warning: Label `fig:Fig1' multiply defined.


LaTeX Warning: Label `fig:Fig1' multiply defined.


LaTeX Warning: Label `fig:Fig1' multiply defined.


LaTeX Warning: Label `fig:Fig1' multiply defined.


LaTeX Warning: Label `fig:Fig1' multiply defined.


LaTeX Warning: Label `fig:Fig1' multiply defined.


LaTeX Warning: Label `fig:Fig1' multiply defined.


LaTeX Warning: Label `fig:Fig1' multiply defined.


LaTeX Warning: Label `fig:Fig1' multiply defined.


LaTeX Warning: Label `fig:Fig1' multiply defined.


LaTeX Warning: Label `fig:Fig1' multiply defined.


LaTeX Warning: Label `fig:Fig1' multiply defined.


LaTeX Warning: Label `fig:Fig1' multiply defined.


LaTeX Warning: Label `fig:Fig1' multiply defined.


LaTeX Warning: Label `fig:Fig1' multiply defined.

)
\openout1 = `Informe_Final.aux'.

LaTeX Font Info:    Checking defaults for OML/cmm/m/it on input line 17.
LaTeX Font Info:    ... okay on input line 17.
LaTeX Font Info:    Checking defaults for T1/cmr/m/n on input line 17.
LaTeX Font Info:    ... okay on input line 17.
LaTeX Font Info:    Checking defaults for OT1/cmr/m/n on input line 17.
LaTeX Font Info:    ... okay on input line 17.
LaTeX Font Info:    Checking defaults for OMS/cmsy/m/n on input line 17.
LaTeX Font Info:    ... okay on input line 17.
LaTeX Font Info:    Checking defaults for OMX/cmex/m/n on input line 17.
LaTeX Font Info:    ... okay on input line 17.
LaTeX Font Info:    Checking defaults for U/cmr/m/n on input line 17.
LaTeX Font Info:    ... okay on input line 17.
LaTeX Font Info:    Checking defaults for TS1/cmr/m/n on input line 17.
LaTeX Font Info:    Try loading font information for TS1+cmr on input line 17.
 (/usr/share/texlive/texmf-dist/tex/latex/base/ts1cmr.fd
File: ts1cmr.fd 1999/05/25 v2.5h Standard LaTeX font definitions
)
LaTeX Font Info:    ... okay on input line 17.

(/usr/share/texlive/texmf-dist/tex/context/base/supp-pdf.mkii
[Loading MPS to PDF converter (version 2006.09.02).]
\scratchcounter=\count113
\scratchdimen=\dimen126
\scratchbox=\box32
\nofMPsegments=\count114
\nofMParguments=\count115
\everyMPshowfont=\toks26
\MPscratchCnt=\count116
\MPscratchDim=\dimen127
\MPnumerator=\count117
\makeMPintoPDFobject=\count118
\everyMPtoPDFconversion=\toks27
) (/usr/share/texlive/texmf-dist/tex/generic/oberdiek/pdftexcmds.sty
Package: pdftexcmds 2011/11/29 v0.20 Utility functions of pdfTeX for LuaTeX (HO
)

(/usr/share/texlive/texmf-dist/tex/generic/oberdiek/ifluatex.sty
Package: ifluatex 2010/03/01 v1.3 Provides the ifluatex switch (HO)
Package ifluatex Info: LuaTeX not detected.
)
(/usr/share/texlive/texmf-dist/tex/generic/oberdiek/ifpdf.sty
Package: ifpdf 2011/01/30 v2.3 Provides the ifpdf switch (HO)
Package ifpdf Info: pdfTeX in PDF mode is detected.
)
Package pdftexcmds Info: LuaTeX not detected.
Package pdftexcmds Info: \pdf@primitive is available.
Package pdftexcmds Info: \pdf@ifprimitive is available.
Package pdftexcmds Info: \pdfdraftmode found.
)
(/usr/share/texlive/texmf-dist/tex/latex/oberdiek/epstopdf-base.sty
Package: epstopdf-base 2010/02/09 v2.5 Base part for package epstopdf

(/usr/share/texlive/texmf-dist/tex/latex/oberdiek/grfext.sty
Package: grfext 2010/08/19 v1.1 Manage graphics extensions (HO)

(/usr/share/texlive/texmf-dist/tex/generic/oberdiek/kvdefinekeys.sty
Package: kvdefinekeys 2011/04/07 v1.3 Define keys (HO)
))
(/usr/share/texlive/texmf-dist/tex/latex/oberdiek/kvoptions.sty
Package: kvoptions 2011/06/30 v3.11 Key value format for package options (HO)

(/usr/share/texlive/texmf-dist/tex/generic/oberdiek/kvsetkeys.sty
Package: kvsetkeys 2012/04/25 v1.16 Key value parser (HO)

(/usr/share/texlive/texmf-dist/tex/generic/oberdiek/etexcmds.sty
Package: etexcmds 2011/02/16 v1.5 Avoid name clashes with e-TeX commands (HO)
Package etexcmds Info: Could not find \expanded.
(etexcmds)             That can mean that you are not using pdfTeX 1.50 or
(etexcmds)             that some package has redefined \expanded.
(etexcmds)             In the latter case, load this package earlier.
)))
Package grfext Info: Graphics extension search list:
(grfext)             [.png,.pdf,.jpg,.mps,.jpeg,.jbig2,.jb2,.PNG,.PDF,.JPG,.JPE
G,.JBIG2,.JB2,.eps]
(grfext)             \AppendGraphicsExtensions on input line 452.

(/usr/share/texlive/texmf-dist/tex/latex/latexconfig/epstopdf-sys.cfg
File: epstopdf-sys.cfg 2010/07/13 v1.3 Configuration of (r)epstopdf for TeX Liv
e
))
LaTeX Info: Redefining \. on input line 17.
LaTeX Info: Redefining \% on input line 17.
\c@lstlisting=\count119
Package caption Info: Begin \AtBeginDocument code.
Package caption Info: float package is loaded.
Package caption Info: End \AtBeginDocument code.

(/usr/share/texlive/texmf-dist/tex/latex/listings/lstlang1.sty
File: lstlang1.sty 2013/08/26 1.5b listings language file
) [1

{/var/lib/texmf/fonts/map/pdftex/updmap/pdftex.map}] [2] [3] [4] [5] [6] [7]
<imagen1.png, id=44, 411.136pt x 308.352pt>
File: imagen1.png Graphic file (type png)
 <use imagen1.png>
Package pdftex.def Info: imagen1.png used on input line 306.
(pdftex.def)             Requested size: 360.0pt x 270.00494pt.

<imagen2.png, id=45, 411.136pt x 308.352pt>
File: imagen2.png Graphic file (type png)
 <use imagen2.png>
Package pdftex.def Info: imagen2.png used on input line 317.
(pdftex.def)             Requested size: 360.0pt x 270.00494pt.
 [8 <./imagen1.png (PNG copy)>] [9 <./imagen2.png (PNG copy)>]
<imagen3.png, id=54, 411.136pt x 308.352pt>
File: imagen3.png Graphic file (type png)
 <use imagen3.png>
Package pdftex.def Info: imagen3.png used on input line 368.
(pdftex.def)             Requested size: 360.0pt x 270.00494pt.
 [10 <./imagen3.png (PNG copy)>] <imagen4.png, id=58, 411.136pt x 308.352pt>
File: imagen4.png Graphic file (type png)
 <use imagen4.png>
Package pdftex.def Info: imagen4.png used on input line 380.
(pdftex.def)             Requested size: 360.0pt x 270.00494pt.

<imagen5.png, id=59, 411.136pt x 308.352pt>
File: imagen5.png Graphic file (type png)
 <use imagen5.png>
Package pdftex.def Info: imagen5.png used on input line 392.
(pdftex.def)             Requested size: 360.0pt x 270.00494pt.
 [11 <./imagen4.png (PNG copy)>]
Overfull \hbox (32.99928pt too wide) detected at line 411
\OML/cmm/m/it/10.95 ^^Z[]h \OT1/cmr/m/n/10.95 + \OML/cmm/m/it/10.95 ^^Zv\OT1/cm
r/m/n/10.95 (\OML/cmm/m/it/10.95 ^^^[] \OMS/cmsy/m/n/10.95 ^^@ \OML/cmm/m/it/10
.95 ^^^[]\OT1/cmr/m/n/10.95 ) + \OML/cmm/m/it/10.95 c^^^[]h \OT1/cmr/m/n/10.95 
= \OML/cmm/m/it/10.95 Q[]Sh \OT1/cmr/m/n/10.95 + [] ^^@[][]\OML/cmm/m/it/10.95 
S \OMS/cmsy/m/n/10.95 ^^@ \OT1/cmr/m/n/10.95 ^^@[][]\OML/cmm/m/it/10.95 S
 []

[12 <./imagen5.png (PNG copy)>] <imagen6.png, id=66, 411.136pt x 308.352pt>
File: imagen6.png Graphic file (type png)

<use imagen6.png>
Package pdftex.def Info: imagen6.png used on input line 443.
(pdftex.def)             Requested size: 360.0pt x 270.00494pt.
 <imagen7.png, id=67, 411.136pt x 308.352pt>
File: imagen7.png Graphic file (type png)

<use imagen7.png>
Package pdftex.def Info: imagen7.png used on input line 450.
(pdftex.def)             Requested size: 360.0pt x 270.00494pt.
 <imagen8.png, id=68, 411.136pt x 308.352pt>
File: imagen8.png Graphic file (type png)

<use imagen8.png>
Package pdftex.def Info: imagen8.png used on input line 461.
(pdftex.def)             Requested size: 360.0pt x 270.00494pt.
 <imagen9.png, id=69, 411.136pt x 308.352pt>
File: imagen9.png Graphic file (type png)

<use imagen9.png>
Package pdftex.def Info: imagen9.png used on input line 468.
(pdftex.def)             Requested size: 360.0pt x 270.00494pt.
 <imagen10.png, id=70, 411.136pt x 308.352pt>
File: imagen10.png Graphic file (type png)

<use imagen10.png>
Package pdftex.def Info: imagen10.png used on input line 477.
(pdftex.def)             Requested size: 360.0pt x 270.00494pt.
 <imagen11.png, id=71, 411.136pt x 308.352pt>
File: imagen11.png Graphic file (type png)

<use imagen11.png>
Package pdftex.def Info: imagen11.png used on input line 484.
(pdftex.def)             Requested size: 360.0pt x 270.00494pt.
 [13] <imagen12.png, id=76, 411.136pt x 308.352pt>
File: imagen12.png Graphic file (type png)

<use imagen12.png>
Package pdftex.def Info: imagen12.png used on input line 495.
(pdftex.def)             Requested size: 360.0pt x 270.00494pt.
 <imagen13.png, id=77, 411.136pt x 308.352pt>
File: imagen13.png Graphic file (type png)

<use imagen13.png>
Package pdftex.def Info: imagen13.png used on input line 504.
(pdftex.def)             Requested size: 360.0pt x 270.00494pt.
 <imagen14.png, id=78, 411.136pt x 308.352pt>
File: imagen14.png Graphic file (type png)

<use imagen14.png>
Package pdftex.def Info: imagen14.png used on input line 511.
(pdftex.def)             Requested size: 360.0pt x 270.00494pt.
 [14 <./imagen6.png (PNG copy)>]
<imagen15.png, id=82, 411.136pt x 308.352pt>
File: imagen15.png Graphic file (type png)
 <use imagen15.png>
Package pdftex.def Info: imagen15.png used on input line 520.
(pdftex.def)             Requested size: 360.0pt x 270.00494pt.

<imagen16.png, id=83, 411.136pt x 308.352pt>
File: imagen16.png Graphic file (type png)
 <use imagen16.png>
Package pdftex.def Info: imagen16.png used on input line 527.
(pdftex.def)             Requested size: 360.0pt x 270.00494pt.

<imagen17.png, id=84, 411.136pt x 308.352pt>
File: imagen17.png Graphic file (type png)
 <use imagen17.png>
Package pdftex.def Info: imagen17.png used on input line 534.
(pdftex.def)             Requested size: 360.0pt x 270.00494pt.

<imagen18.png, id=85, 411.136pt x 308.352pt>
File: imagen18.png Graphic file (type png)
 <use imagen18.png>
Package pdftex.def Info: imagen18.png used on input line 541.
(pdftex.def)             Requested size: 360.0pt x 270.00494pt.

<imagen19.png, id=86, 411.136pt x 308.352pt>
File: imagen19.png Graphic file (type png)
 <use imagen19.png>
Package pdftex.def Info: imagen19.png used on input line 550.
(pdftex.def)             Requested size: 360.0pt x 270.00494pt.

<imagen20.png, id=87, 411.136pt x 308.352pt>
File: imagen20.png Graphic file (type png)
 <use imagen20.png>
Package pdftex.def Info: imagen20.png used on input line 557.
(pdftex.def)             Requested size: 360.0pt x 270.00494pt.

<imagen21.png, id=88, 411.136pt x 308.352pt>
File: imagen21.png Graphic file (type png)
 <use imagen21.png>
Package pdftex.def Info: imagen21.png used on input line 564.
(pdftex.def)             Requested size: 360.0pt x 270.00494pt.

<imagen22.png, id=89, 411.136pt x 308.352pt>
File: imagen22.png Graphic file (type png)
 <use imagen22.png>
Package pdftex.def Info: imagen22.png used on input line 571.
(pdftex.def)             Requested size: 360.0pt x 270.00494pt.
 [15 <./imagen7.png (PNG copy)>] [16 <./imagen8.png (PNG copy)>] [17 <./imagen9
.png (PNG copy)>] [18 <./imagen10.png (PNG copy)>] [19 <./imagen11.png (PNG cop
y)>] [20 <./imagen12.png (PNG copy)>] [21 <./imagen13.png (PNG copy)>] [22 <./i
magen14.png (PNG copy)>] [23 <./imagen15.png (PNG copy)>] [24 <./imagen16.png (
PNG copy)>]
[25 <./imagen17.png (PNG copy)>] [26 <./imagen18.png (PNG copy)>] [27 <./imagen
19.png (PNG copy)>] [28 <./imagen20.png (PNG copy)>] [29 <./imagen21.png (PNG c
opy)>] [30 <./imagen22.png (PNG copy)>]
<imagen23.png, id=140, 1056.94875pt x 496.85625pt>
File: imagen23.png Graphic file (type png)
 <use imagen23.png>
Package pdftex.def Info: imagen23.png used on input line 915.
(pdftex.def)             Requested size: 360.0pt x 169.23213pt.

<imagen24.png, id=141, 411.136pt x 308.352pt>
File: imagen24.png Graphic file (type png)
 <use imagen24.png>
Package pdftex.def Info: imagen24.png used on input line 922.
(pdftex.def)             Requested size: 360.0pt x 270.00494pt.

<imagen25.png, id=142, 411.136pt x 308.352pt>
File: imagen25.png Graphic file (type png)
 <use imagen25.png>
Package pdftex.def Info: imagen25.png used on input line 929.
(pdftex.def)             Requested size: 360.0pt x 270.00494pt.
 [31]
<imagen26.png, id=147, 1056.94875pt x 496.85625pt>
File: imagen26.png Graphic file (type png)
 <use imagen26.png>
Package pdftex.def Info: imagen26.png used on input line 938.
(pdftex.def)             Requested size: 360.0pt x 169.23213pt.

<imagen27.png, id=148, 411.136pt x 308.352pt>
File: imagen27.png Graphic file (type png)
 <use imagen27.png>
Package pdftex.def Info: imagen27.png used on input line 945.
(pdftex.def)             Requested size: 360.0pt x 270.00494pt.

<imagen28.png, id=149, 411.136pt x 308.352pt>
File: imagen28.png Graphic file (type png)
 <use imagen28.png>
Package pdftex.def Info: imagen28.png used on input line 952.
(pdftex.def)             Requested size: 360.0pt x 270.00494pt.

<imagen29.png, id=150, 1056.94875pt x 496.85625pt>
File: imagen29.png Graphic file (type png)
 <use imagen29.png>
Package pdftex.def Info: imagen29.png used on input line 973.
(pdftex.def)             Requested size: 360.0pt x 169.23213pt.

<imagen30.png, id=151, 411.136pt x 308.352pt>
File: imagen30.png Graphic file (type png)
 <use imagen30.png>
Package pdftex.def Info: imagen30.png used on input line 980.
(pdftex.def)             Requested size: 360.0pt x 270.00494pt.

<imagen31.png, id=152, 411.136pt x 308.352pt>
File: imagen31.png Graphic file (type png)
 <use imagen31.png>
Package pdftex.def Info: imagen31.png used on input line 987.
(pdftex.def)             Requested size: 360.0pt x 270.00494pt.

<imagen32.png, id=153, 411.136pt x 308.352pt>
File: imagen32.png Graphic file (type png)
 <use imagen32.png>
Package pdftex.def Info: imagen32.png used on input line 994.
(pdftex.def)             Requested size: 360.0pt x 270.00494pt.

<imagen33.png, id=154, 411.136pt x 308.352pt>
File: imagen33.png Graphic file (type png)
 <use imagen33.png>
Package pdftex.def Info: imagen33.png used on input line 1001.
(pdftex.def)             Requested size: 360.0pt x 270.00494pt.
 [32 <./imagen23.png (PNG copy)>] [33 <./imagen24.png (PNG copy)>] [34 <./image
n25.png (PNG copy)>] [35 <./imagen26.png (PNG copy)>]
<imagen34.png, id=167, 1056.94875pt x 496.85625pt>
File: imagen34.png Graphic file (type png)
 <use imagen34.png>
Package pdftex.def Info: imagen34.png used on input line 1085.
(pdftex.def)             Requested size: 360.0pt x 169.23213pt.

<imagen35.png, id=168, 1056.94875pt x 496.85625pt>
File: imagen35.png Graphic file (type png)
 <use imagen35.png>
Package pdftex.def Info: imagen35.png used on input line 1092.
(pdftex.def)             Requested size: 360.0pt x 169.23213pt.

<imagen36.png, id=169, 1056.94875pt x 496.85625pt>
File: imagen36.png Graphic file (type png)
 <use imagen36.png>
Package pdftex.def Info: imagen36.png used on input line 1099.
(pdftex.def)             Requested size: 360.0pt x 169.23213pt.

<imagen37.png, id=170, 1056.94875pt x 496.85625pt>
File: imagen37.png Graphic file (type png)
 <use imagen37.png>
Package pdftex.def Info: imagen37.png used on input line 1106.
(pdftex.def)             Requested size: 360.0pt x 169.23213pt.

<imagen38.png, id=171, 1056.94875pt x 496.85625pt>
File: imagen38.png Graphic file (type png)
 <use imagen38.png>
Package pdftex.def Info: imagen38.png used on input line 1113.
(pdftex.def)             Requested size: 360.0pt x 169.23213pt.

<imagen39.png, id=172, 1056.94875pt x 496.85625pt>
File: imagen39.png Graphic file (type png)
 <use imagen39.png>
Package pdftex.def Info: imagen39.png used on input line 1124.
(pdftex.def)             Requested size: 360.0pt x 169.23213pt.
 [36 <./imagen27.png (PNG copy)>] [37 <./imagen28.png (PNG copy)>]
<imagen40.png, id=180, 1056.94875pt x 496.85625pt>
File: imagen40.png Graphic file (type png)
 <use imagen40.png>
Package pdftex.def Info: imagen40.png used on input line 1169.
(pdftex.def)             Requested size: 360.0pt x 169.23213pt.

<imagen41.png, id=181, 1056.94875pt x 496.85625pt>
File: imagen41.png Graphic file (type png)
 <use imagen41.png>
Package pdftex.def Info: imagen41.png used on input line 1176.
(pdftex.def)             Requested size: 360.0pt x 169.23213pt.
 [38 <./imagen29.png (PNG copy)>] [39 <./imagen30.png (PNG copy)>] [40 <./image
n31.png (PNG copy)>] [41 <./imagen32.png (PNG copy)>] [42 <./imagen33.png (PNG 
copy)> <./imagen34.png (PNG copy)>] [43 <./imagen35.png (PNG copy)> <./imagen36
.png (PNG copy)>] [44 <./imagen37.png (PNG copy)> <./imagen38.png (PNG copy)>] 
[45 <./imagen39.png (PNG copy)> <./imagen40.png (PNG copy)>] [46 <./imagen41.pn
g (PNG copy)>] (./Informe_Final.aux
LaTeX Info: Redefining \. on input line 6.
LaTeX Info: Redefining \% on input line 6.
)

LaTeX Warning: There were multiply-defined labels.

 ) 
Here is how much of TeX's memory you used:
 7323 strings out of 494966
 100657 string characters out of 6179559
 364975 words of memory out of 5000000
 10409 multiletter control sequences out of 15000+600000
 20612 words of font info for 50 fonts, out of 8000000 for 9000
 40 hyphenation exceptions out of 8191
 38i,6n,40p,558b,2215s stack positions out of 5000i,500n,10000p,200000b,80000s
 </home/santiago/.texmf-var/fonts/pk/ljfour/jknappen/ec/ecbx1200.600pk> </hom
e/santiago/.texmf-var/fonts/pk/ljfour/jknappen/ec/ecbx1095.600pk> </home/santia
go/.texmf-var/fonts/pk/ljfour/jknappen/ec/tcrm0900.600pk> </home/santiago/.texm
f-var/fonts/pk/ljfour/jknappen/ec/ecrm0900.600pk> </home/santiago/.texmf-var/fo
nts/pk/ljfour/jknappen/ec/ecrm0600.600pk> </home/santiago/.texmf-var/fonts/pk/l
jfour/jknappen/ec/ecti1095.600pk> </home/santiago/.texmf-var/fonts/pk/ljfour/jk
nappen/ec/ecrm1095.600pk> </home/santiago/.texmf-var/fonts/pk/ljfour/jknappen/e
c/ecbx1440.600pk> </home/santiago/.texmf-var/fonts/pk/ljfour/jknappen/ec/ecrm12
00.600pk> </home/santiago/.texmf-var/fonts/pk/ljfour/jknappen/ec/ecbx1728.600pk
></usr/share/texlive/texmf-dist/fonts/type1/public/amsfonts/cm/cmex10.pfb></usr
/share/texlive/texmf-dist/fonts/type1/public/amsfonts/cm/cmmi10.pfb></usr/share
/texlive/texmf-dist/fonts/type1/public/amsfonts/cm/cmmi6.pfb></usr/share/texliv
e/texmf-dist/fonts/type1/public/amsfonts/cm/cmmi8.pfb></usr/share/texlive/texmf
-dist/fonts/type1/public/amsfonts/cm/cmr10.pfb></usr/share/texlive/texmf-dist/f
onts/type1/public/amsfonts/cm/cmr6.pfb></usr/share/texlive/texmf-dist/fonts/typ
e1/public/amsfonts/cm/cmr8.pfb></usr/share/texlive/texmf-dist/fonts/type1/publi
c/amsfonts/cm/cmsy10.pfb></usr/share/texlive/texmf-dist/fonts/type1/public/amsf
onts/cm/cmsy6.pfb></usr/share/texlive/texmf-dist/fonts/type1/public/amsfonts/cm
/cmsy8.pfb></usr/share/texlive/texmf-dist/fonts/type1/public/amsfonts/cm/cmsy9.
pfb>
Output written on Informe_Final.pdf (46 pages, 649103 bytes).
PDF statistics:
 568 PDF objects out of 1000 (max. 8388607)
 177 compressed objects within 2 object streams
 0 named destinations out of 1000 (max. 500000)
 206 words of extra memory for PDF output out of 10000 (max. 10000000)

